# JRE version: OpenJDK Runtime Environment AdoptOpenJDK (11.0.10+9) (build 11.0.10+9)
# Java VM: OpenJDK 64-Bit Server VM AdoptOpenJDK (11.0.10+9, mixed mode, tiered, compressed oops, g1 gc, windows-amd64)
Heap:
 garbage-first heap   total 324608K, used 85603K [0x00000000c1400000, 0x0000000100000000)
  region size 1024K, 4 young (4096K), 4 survivors (4096K)
 Metaspace       used 64028K, capacity 66700K, committed 66860K, reserved 1105920K
  class space    used 8457K, capacity 9590K, committed 9600K, reserved 1048576K
GC Heap History (20 events):
Event: 19.454 GC heap after
{Heap after GC invocations=31 (full 0):
 garbage-first heap   total 132096K, used 38935K [0x00000000c1400000, 0x0000000100000000)
  region size 1024K, 3 young (3072K), 3 survivors (3072K)
 Metaspace       used 54691K, capacity 57140K, committed 57388K, reserved 1097728K
  class space    used 7427K, capacity 8457K, committed 8576K, reserved 1048576K
}
Event: 20.018 GC heap before
{Heap before GC invocations=31 (full 0):
 garbage-first heap   total 132096K, used 82967K [0x00000000c1400000, 0x0000000100000000)
  region size 1024K, 47 young (48128K), 3 survivors (3072K)
 Metaspace       used 55709K, capacity 58133K, committed 58156K, reserved 1099776K
  class space    used 7543K, capacity 8574K, committed 8576K, reserved 1048576K
}
Event: 20.040 GC heap after
{Heap after GC invocations=32 (full 0):
 garbage-first heap   total 132096K, used 45320K [0x00000000c1400000, 0x0000000100000000)
  region size 1024K, 6 young (6144K), 6 survivors (6144K)
 Metaspace       used 55709K, capacity 58133K, committed 58156K, reserved 1099776K
  class space    used 7543K, capacity 8574K, committed 8576K, reserved 1048576K
}
Event: 20.193 GC heap before
{Heap before GC invocations=32 (full 0):
 garbage-first heap   total 132096K, used 91400K [0x00000000c1400000, 0x0000000100000000)
  region size 1024K, 51 young (52224K), 6 survivors (6144K)
 Metaspace       used 55908K, capacity 58431K, committed 58540K, reserved 1099776K
  class space    used 7557K, capacity 8609K, committed 8704K, reserved 1048576K
}
Event: 20.213 GC heap after
{Heap after GC invocations=33 (full 0):
 garbage-first heap   total 132096K, used 52537K [0x00000000c1400000, 0x0000000100000000)
  region size 1024K, 7 young (7168K), 7 survivors (7168K)
 Metaspace       used 55908K, capacity 58431K, committed 58540K, reserved 1099776K
  class space    used 7557K, capacity 8609K, committed 8704K, reserved 1048576K
}
Event: 20.390 GC heap before
{Heap before GC invocations=33 (full 0):
 garbage-first heap   total 132096K, used 94521K [0x00000000c1400000, 0x0000000100000000)
  region size 1024K, 48 young (49152K), 7 survivors (7168K)
 Metaspace       used 56242K, capacity 58697K, committed 58796K, reserved 1099776K
  class space    used 7634K, capacity 8676K, committed 8704K, reserved 1048576K
}
Event: 20.414 GC heap after
{Heap after GC invocations=34 (full 0):
 garbage-first heap   total 132096K, used 59906K [0x00000000c1400000, 0x0000000100000000)
  region size 1024K, 6 young (6144K), 6 survivors (6144K)
 Metaspace       used 56242K, capacity 58697K, committed 58796K, reserved 1099776K
  class space    used 7634K, capacity 8676K, committed 8704K, reserved 1048576K
}
Event: 20.582 GC heap before
{Heap before GC invocations=34 (full 0):
 garbage-first heap   total 132096K, used 95746K [0x00000000c1400000, 0x0000000100000000)
  region size 1024K, 42 young (43008K), 6 survivors (6144K)
 Metaspace       used 56769K, capacity 59252K, committed 59436K, reserved 1099776K
  class space    used 7711K, capacity 8775K, committed 8832K, reserved 1048576K
}
Event: 20.601 GC heap after
{Heap after GC invocations=35 (full 0):
 garbage-first heap   total 264192K, used 62041K [0x00000000c1400000, 0x0000000100000000)
  region size 1024K, 2 young (2048K), 2 survivors (2048K)
 Metaspace       used 56769K, capacity 59252K, committed 59436K, reserved 1099776K
  class space    used 7711K, capacity 8775K, committed 8832K, reserved 1048576K
}
Event: 21.013 GC heap before
{Heap before GC invocations=35 (full 0):
 garbage-first heap   total 264192K, used 138841K [0x00000000c1400000, 0x0000000100000000)
  region size 1024K, 78 young (79872K), 2 survivors (2048K)
 Metaspace       used 58033K, capacity 60551K, committed 60844K, reserved 1101824K
  class space    used 7843K, capacity 8910K, committed 8960K, reserved 1048576K
}
Event: 21.018 GC heap after
{Heap after GC invocations=36 (full 0):
 garbage-first heap   total 264192K, used 63425K [0x00000000c1400000, 0x0000000100000000)
  region size 1024K, 3 young (3072K), 3 survivors (3072K)
 Metaspace       used 58033K, capacity 60551K, committed 60844K, reserved 1101824K
  class space    used 7843K, capacity 8910K, committed 8960K, reserved 1048576K
}
Event: 21.587 GC heap before
{Heap before GC invocations=36 (full 0):
 garbage-first heap   total 264192K, used 169921K [0x00000000c1400000, 0x0000000100000000)
  region size 1024K, 108 young (110592K), 3 survivors (3072K)
 Metaspace       used 59591K, capacity 62076K, committed 62380K, reserved 1101824K
  class space    used 8020K, capacity 9100K, committed 9216K, reserved 1048576K
}
Event: 21.596 GC heap after
{Heap after GC invocations=37 (full 0):
 garbage-first heap   total 264192K, used 67090K [0x00000000c1400000, 0x0000000100000000)
  region size 1024K, 7 young (7168K), 7 survivors (7168K)
 Metaspace       used 59591K, capacity 62076K, committed 62380K, reserved 1101824K
  class space    used 8020K, capacity 9100K, committed 9216K, reserved 1048576K
}
Event: 22.364 GC heap before
{Heap before GC invocations=37 (full 0):
 garbage-first heap   total 264192K, used 184850K [0x00000000c1400000, 0x0000000100000000)
  region size 1024K, 122 young (124928K), 7 survivors (7168K)
 Metaspace       used 61231K, capacity 63874K, committed 64044K, reserved 1103872K
  class space    used 8202K, capacity 9316K, committed 9344K, reserved 1048576K
}
Event: 22.379 GC heap after
{Heap after GC invocations=38 (full 0):
 garbage-first heap   total 264192K, used 72970K [0x00000000c1400000, 0x0000000100000000)
  region size 1024K, 13 young (13312K), 13 survivors (13312K)
 Metaspace       used 61231K, capacity 63874K, committed 64044K, reserved 1103872K
  class space    used 8202K, capacity 9316K, committed 9344K, reserved 1048576K
}
Event: 22.717 GC heap before
{Heap before GC invocations=38 (full 0):
 garbage-first heap   total 264192K, used 196874K [0x00000000c1400000, 0x0000000100000000)
  region size 1024K, 134 young (137216K), 13 survivors (13312K)
 Metaspace       used 61296K, capacity 63940K, committed 64044K, reserved 1103872K
  class space    used 8202K, capacity 9316K, committed 9344K, reserved 1048576K
}
Event: 22.732 GC heap after
{Heap after GC invocations=39 (full 0):
 garbage-first heap   total 264192K, used 77668K [0x00000000c1400000, 0x0000000100000000)
  region size 1024K, 11 young (11264K), 11 survivors (11264K)
 Metaspace       used 61296K, capacity 63940K, committed 64044K, reserved 1103872K
  class space    used 8202K, capacity 9316K, committed 9344K, reserved 1048576K
}
Event: 24.113 GC heap before
{Heap before GC invocations=39 (full 0):
 garbage-first heap   total 264192K, used 185188K [0x00000000c1400000, 0x0000000100000000)
  region size 1024K, 70 young (71680K), 11 survivors (11264K)
 Metaspace       used 63154K, capacity 65812K, committed 66092K, reserved 1105920K
  class space    used 8367K, capacity 9510K, committed 9600K, reserved 1048576K
}
Event: 24.138 GC heap after
{Heap after GC invocations=40 (full 0):
 garbage-first heap   total 264192K, used 82578K [0x00000000c1400000, 0x0000000100000000)
  region size 1024K, 13 young (13312K), 13 survivors (13312K)
 Metaspace       used 63154K, capacity 65812K, committed 66092K, reserved 1105920K
  class space    used 8367K, capacity 9510K, committed 9600K, reserved 1048576K
}
Event: 25.483 GC heap before
{Heap before GC invocations=41 (full 0):
 garbage-first heap   total 273408K, used 272018K [0x00000000c1400000, 0x0000000100000000)
  region size 1024K, 70 young (71680K), 13 survivors (13312K)
 Metaspace       used 64028K, capacity 66700K, committed 66860K, reserved 1105920K
  class space    used 8457K, capacity 9590K, committed 9600K, reserved 1048576K
}

