# JRE version: OpenJDK Runtime Environment AdoptOpenJDK (11.0.10+9) (build 11.0.10+9)
# Java VM: OpenJDK 64-Bit Server VM AdoptOpenJDK (11.0.10+9, mixed mode, tiered, compressed oops, g1 gc, windows-amd64)
Heap:
 garbage-first heap   total 436224K, used 295316K [0x00000000c1400000, 0x0000000100000000)
  region size 1024K, 211 young (216064K), 2 survivors (2048K)
 Metaspace       used 74706K, capacity 78010K, committed 78252K, reserved 1116160K
  class space    used 9841K, capacity 11256K, committed 11264K, reserved 1048576K
GC Heap History (20 events):
Event: 23.812 GC heap before
{Heap before GC invocations=54 (full 0):
 garbage-first heap   total 436224K, used 189724K [0x00000000c1400000, 0x0000000100000000)
  region size 1024K, 64 young (65536K), 9 survivors (9216K)
 Metaspace       used 70402K, capacity 73516K, committed 73644K, reserved 1112064K
  class space    used 9597K, capacity 10931K, committed 11008K, reserved 1048576K
}
Event: 23.844 GC heap after
{Heap after GC invocations=55 (full 0):
 garbage-first heap   total 436224K, used 67486K [0x00000000c1400000, 0x0000000100000000)
  region size 1024K, 11 young (11264K), 11 survivors (11264K)
 Metaspace       used 70402K, capacity 73516K, committed 73644K, reserved 1112064K
  class space    used 9597K, capacity 10931K, committed 11008K, reserved 1048576K
}
Event: 24.375 GC heap before
{Heap before GC invocations=56 (full 0):
 garbage-first heap   total 436224K, used 160670K [0x00000000c1400000, 0x0000000100000000)
  region size 1024K, 50 young (51200K), 11 survivors (11264K)
 Metaspace       used 70532K, capacity 73646K, committed 73900K, reserved 1112064K
  class space    used 9607K, capacity 10931K, committed 11008K, reserved 1048576K
}
Event: 24.417 GC heap after
{Heap after GC invocations=57 (full 0):
 garbage-first heap   total 436224K, used 70702K [0x00000000c1400000, 0x0000000100000000)
  region size 1024K, 14 young (14336K), 14 survivors (14336K)
 Metaspace       used 70532K, capacity 73646K, committed 73900K, reserved 1112064K
  class space    used 9607K, capacity 10931K, committed 11008K, reserved 1048576K
}
Event: 24.928 GC heap before
{Heap before GC invocations=58 (full 0):
 garbage-first heap   total 436224K, used 121902K [0x00000000c1400000, 0x0000000100000000)
  region size 1024K, 30 young (30720K), 14 survivors (14336K)
 Metaspace       used 70680K, capacity 73774K, committed 73900K, reserved 1112064K
  class space    used 9611K, capacity 10931K, committed 11008K, reserved 1048576K
}
Event: 24.955 GC heap after
{Heap after GC invocations=59 (full 0):
 garbage-first heap   total 436224K, used 67644K [0x00000000c1400000, 0x0000000100000000)
  region size 1024K, 11 young (11264K), 11 survivors (11264K)
 Metaspace       used 70680K, capacity 73774K, committed 73900K, reserved 1112064K
  class space    used 9611K, capacity 10931K, committed 11008K, reserved 1048576K
}
Event: 25.384 GC heap before
{Heap before GC invocations=60 (full 0):
 garbage-first heap   total 436224K, used 122940K [0x00000000c1400000, 0x0000000100000000)
  region size 1024K, 33 young (33792K), 11 survivors (11264K)
 Metaspace       used 70752K, capacity 73872K, committed 74156K, reserved 1112064K
  class space    used 9613K, capacity 10963K, committed 11008K, reserved 1048576K
}
Event: 25.418 GC heap after
{Heap after GC invocations=61 (full 0):
 garbage-first heap   total 436224K, used 70225K [0x00000000c1400000, 0x0000000100000000)
  region size 1024K, 14 young (14336K), 14 survivors (14336K)
 Metaspace       used 70752K, capacity 73872K, committed 74156K, reserved 1112064K
  class space    used 9613K, capacity 10963K, committed 11008K, reserved 1048576K
}
Event: 25.819 GC heap before
{Heap before GC invocations=62 (full 0):
 garbage-first heap   total 436224K, used 101969K [0x00000000c1400000, 0x0000000100000000)
  region size 1024K, 25 young (25600K), 14 survivors (14336K)
 Metaspace       used 70905K, capacity 74072K, committed 74156K, reserved 1112064K
  class space    used 9614K, capacity 10963K, committed 11008K, reserved 1048576K
}
Event: 25.837 GC heap after
{Heap after GC invocations=63 (full 0):
 garbage-first heap   total 436224K, used 66845K [0x00000000c1400000, 0x0000000100000000)
  region size 1024K, 11 young (11264K), 11 survivors (11264K)
 Metaspace       used 70905K, capacity 74072K, committed 74156K, reserved 1112064K
  class space    used 9614K, capacity 10963K, committed 11008K, reserved 1048576K
}
Event: 26.095 GC heap before
{Heap before GC invocations=64 (full 0):
 garbage-first heap   total 436224K, used 119069K [0x00000000c1400000, 0x0000000100000000)
  region size 1024K, 21 young (21504K), 11 survivors (11264K)
 Metaspace       used 70912K, capacity 74072K, committed 74156K, reserved 1112064K
  class space    used 9615K, capacity 10963K, committed 11008K, reserved 1048576K
}
Event: 26.113 GC heap after
{Heap after GC invocations=65 (full 0):
 garbage-first heap   total 436224K, used 65696K [0x00000000c1400000, 0x0000000100000000)
  region size 1024K, 9 young (9216K), 9 survivors (9216K)
 Metaspace       used 70912K, capacity 74072K, committed 74156K, reserved 1112064K
  class space    used 9615K, capacity 10963K, committed 11008K, reserved 1048576K
}
Event: 142.102 GC heap before
{Heap before GC invocations=66 (full 0):
 garbage-first heap   total 436224K, used 332960K [0x00000000c1400000, 0x0000000100000000)
  region size 1024K, 255 young (261120K), 9 survivors (9216K)
 Metaspace       used 73250K, capacity 76558K, committed 76716K, reserved 1114112K
  class space    used 9812K, capacity 11240K, committed 11264K, reserved 1048576K
}
Event: 142.152 GC heap after
{Heap after GC invocations=67 (full 0):
 garbage-first heap   total 436224K, used 89654K [0x00000000c1400000, 0x0000000100000000)
  region size 1024K, 32 young (32768K), 32 survivors (32768K)
 Metaspace       used 73250K, capacity 76558K, committed 76716K, reserved 1114112K
  class space    used 9812K, capacity 11240K, committed 11264K, reserved 1048576K
}
Event: 166.991 GC heap before
{Heap before GC invocations=67 (full 0):
 garbage-first heap   total 436224K, used 318006K [0x00000000c1400000, 0x0000000100000000)
  region size 1024K, 255 young (261120K), 32 survivors (32768K)
 Metaspace       used 74111K, capacity 77443K, committed 77484K, reserved 1116160K
  class space    used 9838K, capacity 11251K, committed 11264K, reserved 1048576K
}
Event: 167.053 GC heap after
{Heap after GC invocations=68 (full 0):
 garbage-first heap   total 436224K, used 90154K [0x00000000c1400000, 0x0000000100000000)
  region size 1024K, 20 young (20480K), 20 survivors (20480K)
 Metaspace       used 74111K, capacity 77443K, committed 77484K, reserved 1116160K
  class space    used 9838K, capacity 11251K, committed 11264K, reserved 1048576K
}
Event: 172.614 GC heap before
{Heap before GC invocations=69 (full 0):
 garbage-first heap   total 436224K, used 324650K [0x00000000c1400000, 0x0000000100000000)
  region size 1024K, 250 young (256000K), 20 survivors (20480K)
 Metaspace       used 74507K, capacity 77793K, committed 77996K, reserved 1116160K
  class space    used 9840K, capacity 11254K, committed 11264K, reserved 1048576K
}
Event: 172.641 GC heap after
{Heap after GC invocations=70 (full 0):
 garbage-first heap   total 436224K, used 94788K [0x00000000c1400000, 0x0000000100000000)
  region size 1024K, 19 young (19456K), 19 survivors (19456K)
 Metaspace       used 74507K, capacity 77793K, committed 77996K, reserved 1116160K
  class space    used 9840K, capacity 11254K, committed 11264K, reserved 1048576K
}
Event: 172.660 GC heap before
{Heap before GC invocations=70 (full 0):
 garbage-first heap   total 436224K, used 96836K [0x00000000c1400000, 0x0000000100000000)
  region size 1024K, 21 young (21504K), 19 survivors (19456K)
 Metaspace       used 74508K, capacity 77793K, committed 77996K, reserved 1116160K
  class space    used 9840K, capacity 11254K, committed 11264K, reserved 1048576K
}
Event: 172.675 GC heap after
{Heap after GC invocations=71 (full 0):
 garbage-first heap   total 436224K, used 82324K [0x00000000c1400000, 0x0000000100000000)
  region size 1024K, 2 young (2048K), 2 survivors (2048K)
 Metaspace       used 74508K, capacity 77793K, committed 77996K, reserved 1116160K
  class space    used 9840K, capacity 11254K, committed 11264K, reserved 1048576K
}

